<?xml version="1.0" encoding="UTF-8"?>
<testng-results ignored="0" total="1" passed="1" failed="0" skipped="0">
  <reporter-output>
  </reporter-output>
  <suite started-at="2026-05-28T18:20:59 PDT" name="Default suite" finished-at="2026-05-28T18:21:07 PDT" duration-ms="8069">
    <groups>
    </groups>
    <test started-at="2026-05-28T18:20:59 PDT" name="Default test" finished-at="2026-05-28T18:21:07 PDT" duration-ms="8069">
      <class name="myappLogin.search">
        <test-method signature="searchHP()[pri:0, instance:myappLogin.search@5b7a5baa]" started-at="2026-05-28T18:20:59 PDT" name="searchHP" finished-at="2026-05-28T18:21:07 PDT" duration-ms="8037" status="PASS">
          <reporter-output>
          </reporter-output>
        </test-method> <!-- searchHP -->
      </class> <!-- myappLogin.search -->
    </test> <!-- Default test -->
  </suite> <!-- Default suite -->
</testng-results>
